<?xml version="1.0" encoding="UTF-8"?>
<!-- Generated by org.testng.reporters.JUnitReportReporter -->
<testsuite hostname="MAVBCP3775" failures="0" tests="7" name="Tryit" time="7.646" errors="0" timestamp="2021-10-28T12:09:58 IST" skipped="0">
  <testcase classname="Tryit" name="Dummy" time="0.106"/>
  <system-out/>
  <testcase classname="Tryit" name="NextWindow" time="0.039"/>
  <system-out/>
  <testcase classname="Tryit" name="Navigate" time="0.040"/>
  <system-out/>
  <testcase classname="Tryit" name="MouseOver" time="0.199"/>
  <system-out/>
  <testcase classname="Tryit" name="NavigateBack" time="0.178"/>
  <system-out/>
  <testcase classname="Tryit" name="SelectOpt" time="1.056"/>
  <system-out/>
  <testcase classname="Tryit" name="SelFistEle" time="6.028"/>
  <system-out/>
</testsuite> <!-- Tryit -->
